
> Configure project :
e: file:///C:/Users/Fu%20Chuin/OneDrive/Desktop/Documents/Kitahack2026/SafeX---Your-AI-powered-and-real-time-safety-expert/build.gradle.kts:4:31: Unresolved reference 'android'.

FAILURE: Build failed with an exception.

* Where:
Build file 'C:\Users\Fu Chuin\OneDrive\Desktop\Documents\Kitahack2026\SafeX---Your-AI-powered-and-real-time-safety-expert\build.gradle.kts' line: 4

* What went wrong:
Script compilation error:

  Line 4:     alias(libs.plugins.kotlin.android) apply false
                                        ^ Unresolved reference 'android'.

1 error

* Try:
> Run with --stacktrace option to get the stack trace.
> Run with --info or --debug option to get more log output.
> Run with --scan to generate a Build Scan (Powered by Develocity).
> Get more help at https://help.gradle.org.

BUILD FAILED in 1s
