
> Configure project :app
e: file:///C:/Users/Fu%20Chuin/OneDrive/Desktop/Documents/Kitahack2026/SafeX---Your-AI-powered-and-real-time-safety-expert/app/build.gradle.kts:48:5: 'fun kotlinOptions(fn: KotlinJvmOptions.() -> Unit): Unit' is deprecated. Please migrate to the compilerOptions DSL. More details are here: https://kotl.in/u1r8ln.
w: file:///C:/Users/Fu%20Chuin/OneDrive/Desktop/Documents/Kitahack2026/SafeX---Your-AI-powered-and-real-time-safety-expert/app/build.gradle.kts:49:9: 'var jvmTarget: String' is deprecated. Please migrate to the compilerOptions DSL. More details are here: https://kotl.in/u1r8ln.

FAILURE: Build failed with an exception.

* Where:
Build file 'C:\Users\Fu Chuin\OneDrive\Desktop\Documents\Kitahack2026\SafeX---Your-AI-powered-and-real-time-safety-expert\app\build.gradle.kts' line: 48

* What went wrong:
Script compilation errors:

  Line 48:     kotlinOptions {
               ^ 'fun kotlinOptions(fn: KotlinJvmOptions.() -> Unit): Unit' is deprecated. Please migrate to the compilerOptions DSL. More details are here: https://kotl.in/u1r8ln.

  Line 49:         jvmTarget = "17"
                   ^ 'var jvmTarget: String' is deprecated. Please migrate to the compilerOptions DSL. More details are here: https://kotl.in/u1r8ln.

2 errors

* Try:
> Run with --stacktrace option to get the stack trace.
> Run with --info or --debug option to get more log output.
> Run with --scan to generate a Build Scan (Powered by Develocity).
> Get more help at https://help.gradle.org.

BUILD FAILED in 1s
