
> Configure project :app
e: file:///C:/Users/Fu%20Chuin/OneDrive/Desktop/Documents/Kitahack2026/SafeX---Your-AI-powered-and-real-time-safety-expert/app/build.gradle.kts:42:5: Unresolved reference 'kotlinOptions'.
e: file:///C:/Users/Fu%20Chuin/OneDrive/Desktop/Documents/Kitahack2026/SafeX---Your-AI-powered-and-real-time-safety-expert/app/build.gradle.kts:43:9: Unresolved reference 'jvmTarget'.

FAILURE: Build failed with an exception.

* Where:
Build file 'C:\Users\Fu Chuin\OneDrive\Desktop\Documents\Kitahack2026\SafeX---Your-AI-powered-and-real-time-safety-expert\app\build.gradle.kts' line: 42

* What went wrong:
Script compilation errors:

  Line 42:     kotlinOptions {
               ^ Unresolved reference 'kotlinOptions'.

  Line 43:         jvmTarget = "17"
                   ^ Unresolved reference 'jvmTarget'.

2 errors

* Try:
> Run with --stacktrace option to get the stack trace.
> Run with --info or --debug option to get more log output.
> Run with --scan to generate a Build Scan (Powered by Develocity).
> Get more help at https://help.gradle.org.

BUILD FAILED in 2s
